<html>
<head>
<title>TestNG:  xyz-bank</title>
<link href="../testng.css" rel="stylesheet" type="text/css" />
<link href="../my-testng.css" rel="stylesheet" type="text/css" />

<style type="text/css">
.log { display: none;} 
.stack-trace { display: none;} 
</style>
<script type="text/javascript">
<!--
function flip(e) {
  current = e.style.display;
  if (current == 'block') {
    e.style.display = 'none';
    return 0;
  }
  else {
    e.style.display = 'block';
    return 1;
  }
}

function toggleBox(szDivId, elem, msg1, msg2)
{
  var res = -1;  if (document.getElementById) {
    res = flip(document.getElementById(szDivId));
  }
  else if (document.all) {
    // this is the way old msie versions work
    res = flip(document.all[szDivId]);
  }
  if(elem) {
    if(res == 0) elem.innerHTML = msg1; else elem.innerHTML = msg2;
  }

}

function toggleAllBoxes() {
  if (document.getElementsByTagName) {
    d = document.getElementsByTagName('div');
    for (i = 0; i < d.length; i++) {
      if (d[i].className == 'log') {
        flip(d[i]);
      }
    }
  }
}

// -->
</script>

</head>
<body>
<h2 align='center'>xyz-bank</h2><table border='1' align="center">
<tr>
<td>Tests passed/Failed/Skipped:</td><td>3/2/0</td>
</tr><tr>
<td>Started on:</td><td>Fri May 13 23:40:24 GMT-11:00 2022</td>
</tr>
<tr><td>Total time:</td><td>18 seconds (18892 ms)</td>
</tr><tr>
<td>Included groups:</td><td></td>
</tr><tr>
<td>Excluded groups:</td><td></td>
</tr>
</table><p/>
<small><i>(Hover the method name to see the test class name)</i></small><p/>
<table width='100%' border='1' class='invocation-failed'>
<tr><td colspan='4' align='center'><b>FAILED TESTS</b></td></tr>
<tr><td><b>Test method</b></td>
<td width="30%"><b>Exception</b></td>
<td width="10%"><b>Time (seconds)</b></td>
<td><b>Instance</b></td>
</tr>
<tr>
<td title='com.bank.testsuite.BankTest.customerShouldWithdrawMoneySuccessfully()'><b>customerShouldWithdrawMoneySuccessfully</b><br>Test class: com.bank.testsuite.BankTest<br/>
<a href="#Output-1060928475" onClick='toggleBox("Output-1060928475", this, "Show output", "Hide output");'>Show output</a>

<a href="#Output-1060928475" onClick="toggleAllBoxes();">Show all outputs</a>
<div class='log' id="Output-1060928475">
click on Coustomer login tab[[ChromeDriver: chrome on WINDOWS (4c4ace4372c470bed5dcf69f8ddd6bda)] -> xpath: //button[contains(text(),'Customer Login')]]<br><br/>
select name from the dropdown<br><br/>
click on login button: <br><br/>
click on withdrawl tab[[ChromeDriver: chrome on WINDOWS (4c4ace4372c470bed5dcf69f8ddd6bda)] -> xpath: //body/div[3]/div[1]/div[2]/div[1]/div[3]/button[3]]<br><br/>
Enter withdraw amount: [[ChromeDriver: chrome on WINDOWS (4c4ace4372c470bed5dcf69f8ddd6bda)] -> xpath: //body/div[3]/div[1]/div[2]/div[1]/div[4]/div[1]/form[1]/div[1]/input[1]]<br><br/>
clicck on withdraw button:  [[ChromeDriver: chrome on WINDOWS (4c4ace4372c470bed5dcf69f8ddd6bda)] -> xpath: //body/div[3]/div[1]/div[2]/div[1]/div[4]/div[1]/form[1]/div[1]/input[1]]<br><br/>
</div>
</td>
<td><div><pre>org.openqa.selenium.NoSuchElementException: Unable to find element with locator By.xpath: //span[contains(text(),&apos;Transaction successful&apos;)]
For documentation on this error, please visit: https://selenium.dev/exceptions/#no_such_element
Build info: version: &apos;4.1.4&apos;, revision: &apos;535d840ee2&apos;
System info: host: &apos;DESKTOP-7JQ3E99&apos;, ip: &apos;192.168.0.36&apos;, os.name: &apos;Windows 10&apos;, os.arch: &apos;amd64&apos;, os.version: &apos;10.0&apos;, java.version: &apos;1.8.0_121&apos;
Driver info: driver.version: RemoteWebDriver
	at org.openqa.selenium.remote.ElementLocation$ElementFinder$2.findElement(ElementLocation.java:165)
	at org.openqa.selenium.remote.ElementLocation.findElement(ElementLocation.java:60)
	at org.openqa.selenium.remote.RemoteWebDriver.findElement(RemoteWebDriver.java:385)
	at org.openqa.selenium.remote.RemoteWebDriver.findElement(RemoteWebDriver.java:377)
	at org.openqa.selenium.support.pagefactory.DefaultElementLocator.findElement(DefaultElementLocator.java:70)
	at org.openqa.selenium.support.pagefactory.internal.LocatingElementHandler.invoke(LocatingElementHandler.java:39)
	at com.sun.proxy.$Proxy14.getText(Unknown Source)
	at com.bank.utility.Utility.getTextFromElement(Utility.java:65)
	at com.bank.pages.AccountPage.getTransactionSucessfulMessage(AccountPage.java:92)
	at com.bank.testsuite.BankTest.customerShouldWithdrawMoneySuccessfully(BankTest.java:92)
	at java.util.ArrayList.forEach(ArrayList.java:1249)
	at com.intellij.rt.testng.IDEARemoteTestNG.run(IDEARemoteTestNG.java:66)
	at com.intellij.rt.testng.RemoteTestNGStarter.main(RemoteTestNGStarter.java:109)
... Removed 24 stack frames</pre></div><a href='#' onClick='toggleBox("stack-trace1060928475", this, "Click to show all stack frames", "Click to hide stack frames")'>Click to show all stack frames</a>
<div class='stack-trace' id='stack-trace1060928475'><pre>org.openqa.selenium.NoSuchElementException: Unable to find element with locator By.xpath: //span[contains(text(),&apos;Transaction successful&apos;)]
For documentation on this error, please visit: https://selenium.dev/exceptions/#no_such_element
Build info: version: &apos;4.1.4&apos;, revision: &apos;535d840ee2&apos;
System info: host: &apos;DESKTOP-7JQ3E99&apos;, ip: &apos;192.168.0.36&apos;, os.name: &apos;Windows 10&apos;, os.arch: &apos;amd64&apos;, os.version: &apos;10.0&apos;, java.version: &apos;1.8.0_121&apos;
Driver info: driver.version: RemoteWebDriver
	at org.openqa.selenium.remote.ElementLocation$ElementFinder$2.findElement(ElementLocation.java:165)
	at org.openqa.selenium.remote.ElementLocation.findElement(ElementLocation.java:60)
	at org.openqa.selenium.remote.RemoteWebDriver.findElement(RemoteWebDriver.java:385)
	at org.openqa.selenium.remote.RemoteWebDriver.findElement(RemoteWebDriver.java:377)
	at org.openqa.selenium.support.pagefactory.DefaultElementLocator.findElement(DefaultElementLocator.java:70)
	at org.openqa.selenium.support.pagefactory.internal.LocatingElementHandler.invoke(LocatingElementHandler.java:39)
	at com.sun.proxy.$Proxy14.getText(Unknown Source)
	at com.bank.utility.Utility.getTextFromElement(Utility.java:65)
	at com.bank.pages.AccountPage.getTransactionSucessfulMessage(AccountPage.java:92)
	at com.bank.testsuite.BankTest.customerShouldWithdrawMoneySuccessfully(BankTest.java:92)
	at sun.reflect.NativeMethodAccessorImpl.invoke0(Native Method)
	at sun.reflect.NativeMethodAccessorImpl.invoke(NativeMethodAccessorImpl.java:62)
	at sun.reflect.DelegatingMethodAccessorImpl.invoke(DelegatingMethodAccessorImpl.java:43)
	at java.lang.reflect.Method.invoke(Method.java:498)
	at org.testng.internal.invokers.MethodInvocationHelper.invokeMethod(MethodInvocationHelper.java:135)
	at org.testng.internal.invokers.TestInvoker.invokeMethod(TestInvoker.java:673)
	at org.testng.internal.invokers.TestInvoker.invokeTestMethod(TestInvoker.java:220)
	at org.testng.internal.invokers.MethodRunner.runInSequence(MethodRunner.java:50)
	at org.testng.internal.invokers.TestInvoker$MethodInvocationAgent.invoke(TestInvoker.java:945)
	at org.testng.internal.invokers.TestInvoker.invokeTestMethods(TestInvoker.java:193)
	at org.testng.internal.invokers.TestMethodWorker.invokeTestMethods(TestMethodWorker.java:146)
	at org.testng.internal.invokers.TestMethodWorker.run(TestMethodWorker.java:128)
	at java.util.ArrayList.forEach(ArrayList.java:1249)
	at org.testng.TestRunner.privateRun(TestRunner.java:808)
	at org.testng.TestRunner.run(TestRunner.java:603)
	at org.testng.SuiteRunner.runTest(SuiteRunner.java:429)
	at org.testng.SuiteRunner.runSequentially(SuiteRunner.java:423)
	at org.testng.SuiteRunner.privateRun(SuiteRunner.java:383)
	at org.testng.SuiteRunner.run(SuiteRunner.java:326)
	at org.testng.SuiteRunnerWorker.runSuite(SuiteRunnerWorker.java:52)
	at org.testng.SuiteRunnerWorker.run(SuiteRunnerWorker.java:95)
	at org.testng.TestNG.runSuitesSequentially(TestNG.java:1249)
	at org.testng.TestNG.runSuitesLocally(TestNG.java:1169)
	at org.testng.TestNG.runSuites(TestNG.java:1092)
	at org.testng.TestNG.run(TestNG.java:1060)
	at com.intellij.rt.testng.IDEARemoteTestNG.run(IDEARemoteTestNG.java:66)
	at com.intellij.rt.testng.RemoteTestNGStarter.main(RemoteTestNGStarter.java:109)
</pre></div></td>
<td>10</td>
<td>com.bank.testsuite.BankTest@4232c52b</td></tr>
<tr>
<td title='com.bank.testsuite.BankTest.customerShouldDepositMoneySuccessfully()'><b>customerShouldDepositMoneySuccessfully</b><br>Test class: com.bank.testsuite.BankTest<br/>
<a href="#Output-923013679" onClick='toggleBox("Output-923013679", this, "Show output", "Hide output");'>Show output</a>

<a href="#Output-923013679" onClick="toggleAllBoxes();">Show all outputs</a>
<div class='log' id="Output-923013679">
click on Coustomer login tab[[ChromeDriver: chrome on WINDOWS (4c4ace4372c470bed5dcf69f8ddd6bda)] -> xpath: //button[contains(text(),'Customer Login')]]<br><br/>
select name from the dropdown<br><br/>
click on login button: <br><br/>
</div>
</td>
<td><div><pre>java.lang.NullPointerException
	at com.bank.pages.AccountPage.clickOnDepositeTab(AccountPage.java:28)
	at com.bank.testsuite.BankTest.customerShouldDepositMoneySuccessfully(BankTest.java:73)
	at java.util.ArrayList.forEach(ArrayList.java:1249)
	at com.intellij.rt.testng.IDEARemoteTestNG.run(IDEARemoteTestNG.java:66)
	at com.intellij.rt.testng.RemoteTestNGStarter.main(RemoteTestNGStarter.java:109)
... Removed 24 stack frames</pre></div><a href='#' onClick='toggleBox("stack-trace923013679", this, "Click to show all stack frames", "Click to hide stack frames")'>Click to show all stack frames</a>
<div class='stack-trace' id='stack-trace923013679'><pre>java.lang.NullPointerException
	at com.bank.pages.AccountPage.clickOnDepositeTab(AccountPage.java:28)
	at com.bank.testsuite.BankTest.customerShouldDepositMoneySuccessfully(BankTest.java:73)
	at sun.reflect.NativeMethodAccessorImpl.invoke0(Native Method)
	at sun.reflect.NativeMethodAccessorImpl.invoke(NativeMethodAccessorImpl.java:62)
	at sun.reflect.DelegatingMethodAccessorImpl.invoke(DelegatingMethodAccessorImpl.java:43)
	at java.lang.reflect.Method.invoke(Method.java:498)
	at org.testng.internal.invokers.MethodInvocationHelper.invokeMethod(MethodInvocationHelper.java:135)
	at org.testng.internal.invokers.TestInvoker.invokeMethod(TestInvoker.java:673)
	at org.testng.internal.invokers.TestInvoker.invokeTestMethod(TestInvoker.java:220)
	at org.testng.internal.invokers.MethodRunner.runInSequence(MethodRunner.java:50)
	at org.testng.internal.invokers.TestInvoker$MethodInvocationAgent.invoke(TestInvoker.java:945)
	at org.testng.internal.invokers.TestInvoker.invokeTestMethods(TestInvoker.java:193)
	at org.testng.internal.invokers.TestMethodWorker.invokeTestMethods(TestMethodWorker.java:146)
	at org.testng.internal.invokers.TestMethodWorker.run(TestMethodWorker.java:128)
	at java.util.ArrayList.forEach(ArrayList.java:1249)
	at org.testng.TestRunner.privateRun(TestRunner.java:808)
	at org.testng.TestRunner.run(TestRunner.java:603)
	at org.testng.SuiteRunner.runTest(SuiteRunner.java:429)
	at org.testng.SuiteRunner.runSequentially(SuiteRunner.java:423)
	at org.testng.SuiteRunner.privateRun(SuiteRunner.java:383)
	at org.testng.SuiteRunner.run(SuiteRunner.java:326)
	at org.testng.SuiteRunnerWorker.runSuite(SuiteRunnerWorker.java:52)
	at org.testng.SuiteRunnerWorker.run(SuiteRunnerWorker.java:95)
	at org.testng.TestNG.runSuitesSequentially(TestNG.java:1249)
	at org.testng.TestNG.runSuitesLocally(TestNG.java:1169)
	at org.testng.TestNG.runSuites(TestNG.java:1092)
	at org.testng.TestNG.run(TestNG.java:1060)
	at com.intellij.rt.testng.IDEARemoteTestNG.run(IDEARemoteTestNG.java:66)
	at com.intellij.rt.testng.RemoteTestNGStarter.main(RemoteTestNGStarter.java:109)
</pre></div></td>
<td>0</td>
<td>com.bank.testsuite.BankTest@4232c52b</td></tr>
</table><p>
<table width='100%' border='1' class='invocation-passed'>
<tr><td colspan='4' align='center'><b>PASSED TESTS</b></td></tr>
<tr><td><b>Test method</b></td>
<td width="30%"><b>Exception</b></td>
<td width="10%"><b>Time (seconds)</b></td>
<td><b>Instance</b></td>
</tr>
<tr>
<td title='com.bank.testsuite.BankTest.bankManagerShouldAddCustomerSuccessfully()'><b>bankManagerShouldAddCustomerSuccessfully</b><br>Test class: com.bank.testsuite.BankTest<br/>
<a href="#Output-479734028" onClick='toggleBox("Output-479734028", this, "Show output", "Hide output");'>Show output</a>

<a href="#Output-479734028" onClick="toggleAllBoxes();">Show all outputs</a>
<div class='log' id="Output-479734028">
click on bank manager login tab[[ChromeDriver: chrome on WINDOWS (4c4ace4372c470bed5dcf69f8ddd6bda)] -> xpath: //button[contains(text(),'Bank Manager Login')]]<br><br/>
click on Add customer tab[[ChromeDriver: chrome on WINDOWS (4c4ace4372c470bed5dcf69f8ddd6bda)] -> xpath: /html/body/div[3]/div/div[2]/div/div[1]/button[1]]<br><br/>
Enter First Name: star11[[ChromeDriver: chrome on WINDOWS (4c4ace4372c470bed5dcf69f8ddd6bda)] -> xpath: /html/body/div[3]/div/div[2]/div/div[2]/div/div/form/div[1]/input]<br><br/>
Enter Last Name: Moon[[ChromeDriver: chrome on WINDOWS (4c4ace4372c470bed5dcf69f8ddd6bda)] -> xpath: /html/body/div[3]/div/div[2]/div/div[2]/div/div/form/div[2]/input]<br><br/>
Enter Post code : 124578[[ChromeDriver: chrome on WINDOWS (4c4ace4372c470bed5dcf69f8ddd6bda)] -> xpath: /html/body/div[3]/div/div[2]/div/div[2]/div/div/form/div[3]/input]<br><br/>
Click on Add customer button [[ChromeDriver: chrome on WINDOWS (4c4ace4372c470bed5dcf69f8ddd6bda)] -> xpath: /html/body/div[3]/div/div[2]/div/div[2]/div/div/form/button]<br><br/>
verify the pop message : Customer added sucessfully<br><br/>
click on Ok in the popup <br><br/>
</div>
</td>
<td></td>
<td>3</td>
<td>com.bank.testsuite.BankTest@4232c52b</td></tr>
<tr>
<td title='com.bank.testsuite.BankTest.customerShouldLoginAndLogoutSuceessfully()'><b>customerShouldLoginAndLogoutSuceessfully</b><br>Test class: com.bank.testsuite.BankTest<br/>
<a href="#Output-1769598893" onClick='toggleBox("Output-1769598893", this, "Show output", "Hide output");'>Show output</a>

<a href="#Output-1769598893" onClick="toggleAllBoxes();">Show all outputs</a>
<div class='log' id="Output-1769598893">
click on Coustomer login tab[[ChromeDriver: chrome on WINDOWS (4c4ace4372c470bed5dcf69f8ddd6bda)] -> xpath: //button[contains(text(),'Customer Login')]]<br><br/>
select name from the dropdown<br><br/>
click on login button: <br><br/>
</div>
</td>
<td></td>
<td>0</td>
<td>com.bank.testsuite.BankTest@4232c52b</td></tr>
<tr>
<td title='com.bank.testsuite.BankTest.bankManagerShouldOpenAccountSuccessfully()'><b>bankManagerShouldOpenAccountSuccessfully</b><br>Test class: com.bank.testsuite.BankTest<br/>
<a href="#Output-405741210" onClick='toggleBox("Output-405741210", this, "Show output", "Hide output");'>Show output</a>

<a href="#Output-405741210" onClick="toggleAllBoxes();">Show all outputs</a>
<div class='log' id="Output-405741210">
click on bank manager login tab[[ChromeDriver: chrome on WINDOWS (4c4ace4372c470bed5dcf69f8ddd6bda)] -> xpath: //button[contains(text(),'Bank Manager Login')]]<br><br/>
click on open account tab[[ChromeDriver: chrome on WINDOWS (4c4ace4372c470bed5dcf69f8ddd6bda)] -> xpath: //body/div[3]/div[1]/div[2]/div[1]/div[1]/button[2]]<br><br/>
select name from dropdown: [[ChromeDriver: chrome on WINDOWS (4c4ace4372c470bed5dcf69f8ddd6bda)] -> xpath: //select[@id='userSelect']]<br><br/>
select currency from dropdown[[ChromeDriver: chrome on WINDOWS (4c4ace4372c470bed5dcf69f8ddd6bda)] -> xpath: //select[@id='currency']]<br><br/>
click on process button [[ChromeDriver: chrome on WINDOWS (4c4ace4372c470bed5dcf69f8ddd6bda)] -> xpath: //button[contains(text(),'Process')]]<br><br/>
verify the text Account created sucessfully<br><br/>
Accept the Alert <br><br/>
</div>
</td>
<td></td>
<td>0</td>
<td>com.bank.testsuite.BankTest@4232c52b</td></tr>
</table><p>
</body>
</html>