<?xml version="1.0" encoding="UTF-8"?>
<!-- Generated by org.testng.reporters.JUnitReportReporter -->
<testsuite skipped="0" hostname="DESKTOP-7JQ3E99" name="com.bank.testsuite.BankTest" tests="5" failures="0" timestamp="2022-05-13T23:40:43 GMT-11:00" time="15.367" errors="2">
  <testcase name="bankManagerShouldAddCustomerSuccessfully" time="3.646" classname="com.bank.testsuite.BankTest"/>
  <system-out>
    <![CDATA[click on bank manager login tab[[ChromeDriver: chrome on WINDOWS (4c4ace4372c470bed5dcf69f8ddd6bda)] -> xpath: //button[contains(text(),'Bank Manager Login')]]<br>
click on Add customer tab[[ChromeDriver: chrome on WINDOWS (4c4ace4372c470bed5dcf69f8ddd6bda)] -> xpath: /html/body/div[3]/div/div[2]/div/div[1]/button[1]]<br>
Enter First Name: star11[[ChromeDriver: chrome on WINDOWS (4c4ace4372c470bed5dcf69f8ddd6bda)] -> xpath: /html/body/div[3]/div/div[2]/div/div[2]/div/div/form/div[1]/input]<br>
Enter Last Name: Moon[[ChromeDriver: chrome on WINDOWS (4c4ace4372c470bed5dcf69f8ddd6bda)] -> xpath: /html/body/div[3]/div/div[2]/div/div[2]/div/div/form/div[2]/input]<br>
Enter Post code : 124578[[ChromeDriver: chrome on WINDOWS (4c4ace4372c470bed5dcf69f8ddd6bda)] -> xpath: /html/body/div[3]/div/div[2]/div/div[2]/div/div/form/div[3]/input]<br>
Click on Add customer button [[ChromeDriver: chrome on WINDOWS (4c4ace4372c470bed5dcf69f8ddd6bda)] -> xpath: /html/body/div[3]/div/div[2]/div/div[2]/div/div/form/button]<br>
verify the pop message : Customer added sucessfully<br>
click on Ok in the popup <br>]]>
  </system-out>
  <testcase name="customerShouldLoginAndLogoutSuceessfully" time="0.154" classname="com.bank.testsuite.BankTest"/>
  <system-out>
    <![CDATA[click on Coustomer login tab[[ChromeDriver: chrome on WINDOWS (4c4ace4372c470bed5dcf69f8ddd6bda)] -> xpath: //button[contains(text(),'Customer Login')]]<br>
select name from the dropdown<br>
click on login button: <br>]]>
  </system-out>
  <testcase name="bankManagerShouldOpenAccountSuccessfully" time="0.434" classname="com.bank.testsuite.BankTest"/>
  <system-out>
    <![CDATA[click on bank manager login tab[[ChromeDriver: chrome on WINDOWS (4c4ace4372c470bed5dcf69f8ddd6bda)] -> xpath: //button[contains(text(),'Bank Manager Login')]]<br>
click on open account tab[[ChromeDriver: chrome on WINDOWS (4c4ace4372c470bed5dcf69f8ddd6bda)] -> xpath: //body/div[3]/div[1]/div[2]/div[1]/div[1]/button[2]]<br>
select name from dropdown: [[ChromeDriver: chrome on WINDOWS (4c4ace4372c470bed5dcf69f8ddd6bda)] -> xpath: //select[@id='userSelect']]<br>
select currency from dropdown[[ChromeDriver: chrome on WINDOWS (4c4ace4372c470bed5dcf69f8ddd6bda)] -> xpath: //select[@id='currency']]<br>
click on process button [[ChromeDriver: chrome on WINDOWS (4c4ace4372c470bed5dcf69f8ddd6bda)] -> xpath: //button[contains(text(),'Process')]]<br>
verify the text Account created sucessfully<br>
Accept the Alert <br>]]>
  </system-out>
  <testcase name="customerShouldWithdrawMoneySuccessfully" time="10.807" classname="com.bank.testsuite.BankTest">
    <error type="org.openqa.selenium.NoSuchElementException" message="Unable to find element with locator By.xpath: //span[contains(text(),&#039;Transaction successful&#039;)]
For documentation on this error, please visit: https://selenium.dev/exceptions/#no_such_element
Build info: version: &#039;4.1.4&#039;, revision: &#039;535d840ee2&#039;
System info: host: &#039;DESKTOP-7JQ3E99&#039;, ip: &#039;192.168.0.36&#039;, os.name: &#039;Windows 10&#039;, os.arch: &#039;amd64&#039;, os.version: &#039;10.0&#039;, java.version: &#039;1.8.0_121&#039;
Driver info: driver.version: RemoteWebDriver">
      <![CDATA[org.openqa.selenium.NoSuchElementException: Unable to find element with locator By.xpath: //span[contains(text(),'Transaction successful')]
For documentation on this error, please visit: https://selenium.dev/exceptions/#no_such_element
Build info: version: '4.1.4', revision: '535d840ee2'
System info: host: 'DESKTOP-7JQ3E99', ip: '192.168.0.36', os.name: 'Windows 10', os.arch: 'amd64', os.version: '10.0', java.version: '1.8.0_121'
Driver info: driver.version: RemoteWebDriver
at org.openqa.selenium.remote.ElementLocation$ElementFinder$2.findElement(ElementLocation.java:165)
at org.openqa.selenium.remote.ElementLocation.findElement(ElementLocation.java:60)
at org.openqa.selenium.remote.RemoteWebDriver.findElement(RemoteWebDriver.java:385)
at org.openqa.selenium.remote.RemoteWebDriver.findElement(RemoteWebDriver.java:377)
at org.openqa.selenium.support.pagefactory.DefaultElementLocator.findElement(DefaultElementLocator.java:70)
at org.openqa.selenium.support.pagefactory.internal.LocatingElementHandler.invoke(LocatingElementHandler.java:39)
at com.sun.proxy.$Proxy14.getText(Unknown Source)
at com.bank.utility.Utility.getTextFromElement(Utility.java:65)
at com.bank.pages.AccountPage.getTransactionSucessfulMessage(AccountPage.java:92)
at com.bank.testsuite.BankTest.customerShouldWithdrawMoneySuccessfully(BankTest.java:92)
at sun.reflect.NativeMethodAccessorImpl.invoke0(Native Method)
at sun.reflect.NativeMethodAccessorImpl.invoke(NativeMethodAccessorImpl.java:62)
at sun.reflect.DelegatingMethodAccessorImpl.invoke(DelegatingMethodAccessorImpl.java:43)
at java.lang.reflect.Method.invoke(Method.java:498)
at org.testng.internal.invokers.MethodInvocationHelper.invokeMethod(MethodInvocationHelper.java:135)
at org.testng.internal.invokers.TestInvoker.invokeMethod(TestInvoker.java:673)
at org.testng.internal.invokers.TestInvoker.invokeTestMethod(TestInvoker.java:220)
at org.testng.internal.invokers.MethodRunner.runInSequence(MethodRunner.java:50)
at org.testng.internal.invokers.TestInvoker$MethodInvocationAgent.invoke(TestInvoker.java:945)
at org.testng.internal.invokers.TestInvoker.invokeTestMethods(TestInvoker.java:193)
at org.testng.internal.invokers.TestMethodWorker.invokeTestMethods(TestMethodWorker.java:146)
at org.testng.internal.invokers.TestMethodWorker.run(TestMethodWorker.java:128)
at java.util.ArrayList.forEach(ArrayList.java:1249)
at org.testng.TestRunner.privateRun(TestRunner.java:808)
at org.testng.TestRunner.run(TestRunner.java:603)
at org.testng.SuiteRunner.runTest(SuiteRunner.java:429)
at org.testng.SuiteRunner.runSequentially(SuiteRunner.java:423)
at org.testng.SuiteRunner.privateRun(SuiteRunner.java:383)
at org.testng.SuiteRunner.run(SuiteRunner.java:326)
at org.testng.SuiteRunnerWorker.runSuite(SuiteRunnerWorker.java:52)
at org.testng.SuiteRunnerWorker.run(SuiteRunnerWorker.java:95)
at org.testng.TestNG.runSuitesSequentially(TestNG.java:1249)
at org.testng.TestNG.runSuitesLocally(TestNG.java:1169)
at org.testng.TestNG.runSuites(TestNG.java:1092)
at org.testng.TestNG.run(TestNG.java:1060)
at com.intellij.rt.testng.IDEARemoteTestNG.run(IDEARemoteTestNG.java:66)
at com.intellij.rt.testng.RemoteTestNGStarter.main(RemoteTestNGStarter.java:109)
]]>
    </error>
  </testcase> <!-- customerShouldWithdrawMoneySuccessfully -->
  <system-out>
    <![CDATA[click on Coustomer login tab[[ChromeDriver: chrome on WINDOWS (4c4ace4372c470bed5dcf69f8ddd6bda)] -> xpath: //button[contains(text(),'Customer Login')]]<br>
select name from the dropdown<br>
click on login button: <br>
click on withdrawl tab[[ChromeDriver: chrome on WINDOWS (4c4ace4372c470bed5dcf69f8ddd6bda)] -> xpath: //body/div[3]/div[1]/div[2]/div[1]/div[3]/button[3]]<br>
Enter withdraw amount: [[ChromeDriver: chrome on WINDOWS (4c4ace4372c470bed5dcf69f8ddd6bda)] -> xpath: //body/div[3]/div[1]/div[2]/div[1]/div[4]/div[1]/form[1]/div[1]/input[1]]<br>
clicck on withdraw button:  [[ChromeDriver: chrome on WINDOWS (4c4ace4372c470bed5dcf69f8ddd6bda)] -> xpath: //body/div[3]/div[1]/div[2]/div[1]/div[4]/div[1]/form[1]/div[1]/input[1]]<br>]]>
  </system-out>
  <testcase name="customerShouldDepositMoneySuccessfully" time="0.326" classname="com.bank.testsuite.BankTest">
    <error type="java.lang.NullPointerException">
      <![CDATA[java.lang.NullPointerException
at com.bank.pages.AccountPage.clickOnDepositeTab(AccountPage.java:28)
at com.bank.testsuite.BankTest.customerShouldDepositMoneySuccessfully(BankTest.java:73)
at sun.reflect.NativeMethodAccessorImpl.invoke0(Native Method)
at sun.reflect.NativeMethodAccessorImpl.invoke(NativeMethodAccessorImpl.java:62)
at sun.reflect.DelegatingMethodAccessorImpl.invoke(DelegatingMethodAccessorImpl.java:43)
at java.lang.reflect.Method.invoke(Method.java:498)
at org.testng.internal.invokers.MethodInvocationHelper.invokeMethod(MethodInvocationHelper.java:135)
at org.testng.internal.invokers.TestInvoker.invokeMethod(TestInvoker.java:673)
at org.testng.internal.invokers.TestInvoker.invokeTestMethod(TestInvoker.java:220)
at org.testng.internal.invokers.MethodRunner.runInSequence(MethodRunner.java:50)
at org.testng.internal.invokers.TestInvoker$MethodInvocationAgent.invoke(TestInvoker.java:945)
at org.testng.internal.invokers.TestInvoker.invokeTestMethods(TestInvoker.java:193)
at org.testng.internal.invokers.TestMethodWorker.invokeTestMethods(TestMethodWorker.java:146)
at org.testng.internal.invokers.TestMethodWorker.run(TestMethodWorker.java:128)
at java.util.ArrayList.forEach(ArrayList.java:1249)
at org.testng.TestRunner.privateRun(TestRunner.java:808)
at org.testng.TestRunner.run(TestRunner.java:603)
at org.testng.SuiteRunner.runTest(SuiteRunner.java:429)
at org.testng.SuiteRunner.runSequentially(SuiteRunner.java:423)
at org.testng.SuiteRunner.privateRun(SuiteRunner.java:383)
at org.testng.SuiteRunner.run(SuiteRunner.java:326)
at org.testng.SuiteRunnerWorker.runSuite(SuiteRunnerWorker.java:52)
at org.testng.SuiteRunnerWorker.run(SuiteRunnerWorker.java:95)
at org.testng.TestNG.runSuitesSequentially(TestNG.java:1249)
at org.testng.TestNG.runSuitesLocally(TestNG.java:1169)
at org.testng.TestNG.runSuites(TestNG.java:1092)
at org.testng.TestNG.run(TestNG.java:1060)
at com.intellij.rt.testng.IDEARemoteTestNG.run(IDEARemoteTestNG.java:66)
at com.intellij.rt.testng.RemoteTestNGStarter.main(RemoteTestNGStarter.java:109)
]]>
    </error>
  </testcase> <!-- customerShouldDepositMoneySuccessfully -->
  <system-out>
    <![CDATA[click on Coustomer login tab[[ChromeDriver: chrome on WINDOWS (4c4ace4372c470bed5dcf69f8ddd6bda)] -> xpath: //button[contains(text(),'Customer Login')]]<br>
select name from the dropdown<br>
click on login button: <br>]]>
  </system-out>
</testsuite> <!-- com.bank.testsuite.BankTest -->
